<?xml version="1.0" encoding="UTF-8"?>
<testng-results ignored="0" total="1" passed="1" failed="0" skipped="0">
  <reporter-output>
  </reporter-output>
  <suite started-at="2025-03-22T15:53:50 CST" name="Default suite" finished-at="2025-03-22T15:53:59 CST" duration-ms="9466">
    <groups>
    </groups>
    <test started-at="2025-03-22T15:53:50 CST" name="Default test" finished-at="2025-03-22T15:53:59 CST" duration-ms="9466">
      <class name="com.randomcompany.automation.appium_random_tests.AppiumBasics">
        <test-method signature="AppiumTest()[pri:0, instance:com.randomcompany.automation.appium_random_tests.AppiumBasics@49e53c76]" started-at="2025-03-22T15:53:50 CST" name="AppiumTest" finished-at="2025-03-22T15:53:59 CST" duration-ms="9437" status="PASS">
          <reporter-output>
          </reporter-output>
        </test-method> <!-- AppiumTest -->
      </class> <!-- com.randomcompany.automation.appium_random_tests.AppiumBasics -->
    </test> <!-- Default test -->
  </suite> <!-- Default suite -->
</testng-results>
